[debug] [2023-04-14T15:31:04.753Z] ----------------------------------------------------------------------
[debug] [2023-04-14T15:31:04.754Z] Command:       /usr/local/bin/node /usr/local/bin/firebase init hosting
[debug] [2023-04-14T15:31:04.754Z] CLI Version:   11.25.2
[debug] [2023-04-14T15:31:04.754Z] Platform:      darwin
[debug] [2023-04-14T15:31:04.754Z] Node Version:  v18.15.0
[debug] [2023-04-14T15:31:04.754Z] Time:          Fri Apr 14 2023 11:31:04 GMT-0400 (Eastern Daylight Time)
[debug] [2023-04-14T15:31:04.755Z] ----------------------------------------------------------------------
[debug] 
[debug] [2023-04-14T15:31:04.757Z] > command requires scopes: ["email","openid","https://www.googleapis.com/auth/cloudplatformprojects.readonly","https://www.googleapis.com/auth/firebase","https://www.googleapis.com/auth/cloud-platform"]
[debug] [2023-04-14T15:31:04.758Z] > authorizing via signed-in user (briannaescobar6@gmail.com)
[info] 
     ######## #### ########  ######## ########     ###     ######  ########
     ##        ##  ##     ## ##       ##     ##  ##   ##  ##       ##
     ######    ##  ########  ######   ########  #########  ######  ######
     ##        ##  ##    ##  ##       ##     ## ##     ##       ## ##
     ##       #### ##     ## ######## ########  ##     ##  ######  ########

You're about to initialize a Firebase project in this directory:

  /Users/briannaescobar6/code/react/wine-list

[info] 
=== Project Setup
[info] 
[info] First, let's associate this project directory with a Firebase project.
[info] You can create multiple project aliases by running firebase use --add, 
[info] but for now we'll just set up a default project.
[info] 
[info] i  If you want to create a project in a Google Cloud organization or folder, please use "firebase projects:create" instead, and return to this command when you've created the project. 
[debug] [2023-04-14T15:34:23.804Z] > refreshing access token with scopes: []
[debug] [2023-04-14T15:34:23.807Z] >>> [apiv2][query] POST https://www.googleapis.com/oauth2/v3/token [none]
[debug] [2023-04-14T15:34:23.807Z] >>> [apiv2][body] POST https://www.googleapis.com/oauth2/v3/token [omitted]
[debug] [2023-04-14T15:34:23.996Z] <<< [apiv2][status] POST https://www.googleapis.com/oauth2/v3/token 200
[debug] [2023-04-14T15:34:23.996Z] <<< [apiv2][body] POST https://www.googleapis.com/oauth2/v3/token [omitted]
[debug] [2023-04-14T15:34:24.011Z] >>> [apiv2][query] POST https://cloudresourcemanager.googleapis.com/v1/projects [none]
[debug] [2023-04-14T15:34:24.011Z] >>> [apiv2][body] POST https://cloudresourcemanager.googleapis.com/v1/projects {"projectId":"wine-list-c10","name":"wine-list"}
[debug] [2023-04-14T15:34:24.277Z] <<< [apiv2][status] POST https://cloudresourcemanager.googleapis.com/v1/projects 409
[debug] [2023-04-14T15:34:24.277Z] <<< [apiv2][body] POST https://cloudresourcemanager.googleapis.com/v1/projects {"error":{"code":409,"message":"Requested entity already exists","status":"ALREADY_EXISTS"}}
[debug] [2023-04-14T15:34:24.417Z] FirebaseError: HTTP Error: 409, Requested entity already exists
    at responseToError (/usr/local/lib/node_modules/firebase-tools/lib/responseToError.js:49:12)
    at RetryOperation._fn (/usr/local/lib/node_modules/firebase-tools/lib/apiv2.js:288:77)
    at process.processTicksAndRejections (node:internal/process/task_queues:95:5)
[error] 
[error] Error: Failed to create project because there is already a project with ID wine-list-c10. Please try again with a unique project ID.
[debug] [2023-04-14T15:34:58.549Z] ----------------------------------------------------------------------
[debug] [2023-04-14T15:34:58.550Z] Command:       /usr/local/bin/node /usr/local/bin/firebase init hosting
[debug] [2023-04-14T15:34:58.550Z] CLI Version:   11.25.2
[debug] [2023-04-14T15:34:58.550Z] Platform:      darwin
[debug] [2023-04-14T15:34:58.550Z] Node Version:  v18.15.0
[debug] [2023-04-14T15:34:58.551Z] Time:          Fri Apr 14 2023 11:34:58 GMT-0400 (Eastern Daylight Time)
[debug] [2023-04-14T15:34:58.551Z] ----------------------------------------------------------------------
[debug] 
[debug] [2023-04-14T15:34:58.554Z] > command requires scopes: ["email","openid","https://www.googleapis.com/auth/cloudplatformprojects.readonly","https://www.googleapis.com/auth/firebase","https://www.googleapis.com/auth/cloud-platform"]
[debug] [2023-04-14T15:34:58.554Z] > authorizing via signed-in user (briannaescobar6@gmail.com)
[info] 
     ######## #### ########  ######## ########     ###     ######  ########
     ##        ##  ##     ## ##       ##     ##  ##   ##  ##       ##
     ######    ##  ########  ######   ########  #########  ######  ######
     ##        ##  ##    ##  ##       ##     ## ##     ##       ## ##
     ##       #### ##     ## ######## ########  ##     ##  ######  ########

You're about to initialize a Firebase project in this directory:

  /Users/briannaescobar6/code/react/wine-list

[info] 
=== Project Setup
[info] 
[info] First, let's associate this project directory with a Firebase project.
[info] You can create multiple project aliases by running firebase use --add, 
[info] but for now we'll just set up a default project.
[info] 
[debug] [2023-04-14T15:35:01.252Z] >>> [apiv2][query] GET https://firebase.googleapis.com/v1beta1/projects pageSize=100
[debug] [2023-04-14T15:35:01.956Z] <<< [apiv2][status] GET https://firebase.googleapis.com/v1beta1/projects 200
[debug] [2023-04-14T15:35:01.956Z] <<< [apiv2][body] GET https://firebase.googleapis.com/v1beta1/projects [omitted]
